<?xml version="1.0" encoding="UTF-8" ?>
<testsuite skipped="0" tests="1" failures="0" errors="1" name="com.deepak.test.ControllerTest" time="0.43">
  <properties>
    <property value="IBM Corporation" name="java.vendor"/>
    <property value="SUN_STANDARD" name="sun.java.launcher"/>
    <property value="Windows 7" name="os.name"/>
    <property value="C:\IBM\WebSphere\AppServer\endorsed_apis\javax.j2ee.annotation.jar;C:\IBM\WebSphere\AppServer\endorsed_apis\jaxb-api.jar;C:\IBM\WebSphere\AppServer\endorsed_apis\jaxws-api.jar;C:\IBM\WebSphere\AppServer\java\jre\bin\default\jclSC160\vm.jar;C:\IBM\WebSphere\AppServer\java\jre\lib\annotation.jar;C:\IBM\WebSphere\AppServer\java\jre\lib\beans.jar;C:\IBM\WebSphere\AppServer\java\jre\lib\java.util.jar;C:\IBM\WebSphere\AppServer\java\jre\lib\jndi.jar;C:\IBM\WebSphere\AppServer\java\jre\lib\logging.jar;C:\IBM\WebSphere\AppServer\java\jre\lib\security.jar;C:\IBM\WebSphere\AppServer\java\jre\lib\sql.jar;C:\IBM\WebSphere\AppServer\java\jre\lib\ibmorb.jar;C:\IBM\WebSphere\AppServer\java\jre\lib\ibmorbapi.jar;C:\IBM\WebSphere\AppServer\java\jre\lib\ibmcfw.jar;C:\IBM\WebSphere\AppServer\java\jre\lib\rt.jar;C:\IBM\WebSphere\AppServer\java\jre\lib\charsets.jar;C:\IBM\WebSphere\AppServer\java\jre\lib\resources.jar;C:\IBM\WebSphere\AppServer\java\jre\lib\ibmpkcs.jar;C:\IBM\WebSphere\AppServer\java\jre\lib\ibmcertpathfw.jar;C:\IBM\WebSphere\AppServer\java\jre\lib\ibmjgssfw.jar;C:\IBM\WebSphere\AppServer\java\jre\lib\ibmjssefw.jar;C:\IBM\WebSphere\AppServer\java\jre\lib\ibmsaslfw.jar;C:\IBM\WebSphere\AppServer\java\jre\lib\ibmjcefw.jar;C:\IBM\WebSphere\AppServer\java\jre\lib\ibmjgssprovider.jar;C:\IBM\WebSphere\AppServer\java\jre\lib\ibmjsseprovider2.jar;C:\IBM\WebSphere\AppServer\java\jre\lib\ibmcertpathprovider.jar;C:\IBM\WebSphere\AppServer\java\jre\lib\management-agent.jar;C:\IBM\WebSphere\AppServer\java\jre\lib\xml.jar;C:\IBM\WebSphere\AppServer\java\jre\lib\jlm.jar;C:\IBM\WebSphere\AppServer\java\jre\lib\javascript.jar" name="sun.boot.class.path"/>
    <property value="" name="sun.java2d.fontpath"/>
    <property value="Sun Microsystems Inc." name="java.vm.specification.vendor"/>
    <property value="pwi3260_26sr6ifx-20130824_01 (SR6)" name="java.runtime.version"/>
    <property value="dpandey" name="user.name"/>
    <property value="j9jit26" name="java.compiler"/>
    <property value="UTF8" name="os.encoding"/>
    <property value="true" name="guice.disable.misplaced.annotation.check"/>
    <property value="" name="com.ibm.util.extralibs.properties"/>
    <property value="" name="com.ibm.jcl.checkClassPath"/>
    <property value="en" name="user.language"/>
    <property value="C:\IBM\WebSphere\AppServer\java\jre\bin\default;C:\IBM\WebSphere\AppServer\java\jre\bin" name="com.ibm.oti.vm.bootstrap.library.path"/>
    <property value="C:\IBM\WebSphere\AppServer\java\jre\bin\default;C:\IBM\WebSphere\AppServer\java\jre\bin" name="sun.boot.library.path"/>
    <property value="C:\POC\.metadata\.plugins\org.eclipse.m2e.launching\launches\m2conf8582952413884063955.tmp" name="classworlds.conf"/>
    <property value="1.6.0" name="java.version"/>
    <property value="Asia/Calcutta" name="user.timezone"/>
    <property value="C:\IBM\WebSphere\AppServer\java\jre\bin" name="com.ibm.system.agent.path"/>
    <property value="32" name="sun.arch.data.model"/>
    <property value="2" name="com.ibm.zero.version"/>
    <property value="C:\IBM\WebSphere\AppServer\java\jre\lib\endorsed" name="java.endorsed.dirs"/>
    <property value="26" name="com.ibm.oti.vm.library.version"/>
    <property value="Cp1252" name="sun.jnu.encoding"/>
    <property value="17" name="jxe.current.romimage.version"/>
    <property value="\" name="file.separator"/>
    <property value="Java Platform API Specification" name="java.specification.name"/>
    <property value="50.0" name="java.class.version"/>
    <property value="US" name="user.country"/>
    <property value="C:\IBM\WebSphere\AppServer\java\jre" name="java.home"/>
    <property value="JRE 1.6.0 Windows 7 x86-32 20130823_162690 (JIT enabled, AOT enabled)
J9VM - R26_Java626_SR6_Ifix_20130823_2006_B162690
JIT  - r11.b04_20130528_38954ifx6
GC   - R26_Java626_SR6_Ifix_20130823_2006_B162690
J9CL - 20130823_162690" name="java.vm.info"/>
    <property value="6.1" name="os.version"/>
    <property value="" name="java.awt.fonts"/>
    <property value=";" name="path.separator"/>
    <property value="2.6" name="java.vm.version"/>
    <property value="java.util.prefs.WindowsPreferencesFactory" name="java.util.prefs.PreferencesFactory"/>
    <property value="" name="user.variant"/>
    <property value="sun.awt.windows.WPrinterJob" name="java.awt.printerjob"/>
    <property value="UnicodeLittle" name="sun.io.unicode.encoding"/>
    <property value="sun.awt.windows.WToolkit" name="awt.toolkit"/>
    <property value="true" name="ibm.signalhandling.sigint"/>
    <property value="ON" name="java.assistive"/>
    <property value="C:\Users\dpandey" name="user.home"/>
    <property value="little" name="com.ibm.cpu.endian"/>
    <property value="Sun Microsystems Inc." name="java.specification.vendor"/>
    <property value="true" name="ibm.signalhandling.sigchain"/>
    <property value="C:\IBM\WebSphere\AppServer\java\jre\bin\default;C:\IBM\WebSphere\AppServer\java\jre\bin;C:\windows\SysWOW64;C:\windows;C:\Program Files (x86)\RSA SecurID Token Common;C:\ProgramData\Oracle\Java\javapath;C:\windows\system32;C:\windows;C:\windows\System32\Wbem;C:\windows\System32\WindowsPowerShell\v1.0\;." name="java.library.path"/>
    <property value="http://www.ibm.com/" name="java.vendor.url"/>
    <property value="IBM Corporation" name="java.vm.vendor"/>
    <property value="JRE 1.6.0 IBM J9 2.6 Windows 7 x86-32 20130823_162690 (JIT enabled, AOT enabled)
J9VM - R26_Java626_SR6_Ifix_20130823_2006_B162690
JIT  - r11.b04_20130528_38954ifx6
GC   - R26_Java626_SR6_Ifix_20130823_2006_B162690
J9CL - 20130823_162690" name="java.fullversion"/>
    <property value="C:\POC\SocieteSampleWebApp\EMBEDDED" name="maven.home"/>
    <property value="Java(TM) SE Runtime Environment" name="java.runtime.name"/>
    <property value="org.codehaus.plexus.classworlds.launcher.Launcher -B test" name="sun.java.command"/>
    <property value="/C:/IBM/RationalShared/plugins/org.eclipse.m2e.maven.runtime_1.4.0.20130531-2315/jars/plexus-classworlds-2.4.jar" name="java.class.path"/>
    <property value="Java Virtual Machine Specification" name="java.vm.specification.name"/>
    <property value="1.0" name="java.vm.specification.version"/>
    <property value="little" name="sun.cpu.endian"/>
    <property value="C:\Users\dpandey\AppData\Local\Temp\" name="java.io.tmpdir"/>
    <property value="20130618_01" name="java.jcl.version"/>
    <property value="Cp1252" name="ibm.system.encoding"/>
    <property value="x86" name="os.arch"/>
    <property value="sun.awt.Win32GraphicsEnvironment" name="java.awt.graphicsenv"/>
    <property value="false" name="ibm.signalhandling.rs"/>
    <property value="C:\IBM\WebSphere\AppServer\java\jre\lib\ext" name="java.ext.dirs"/>
    <property value="C:\POC\SocieteSampleWebApp" name="user.dir"/>
    <property value="
" name="line.separator"/>
    <property value="IBM J9 VM" name="java.vm.name"/>
    <property value="false" name="com.ibm.oti.shared.enabled"/>
    <property value="32" name="com.ibm.vm.bitmode"/>
    <property value="17" name="jxe.lowest.romimage.version"/>
    <property value="Cp1252" name="file.encoding"/>
    <property value="scar" name="com.ibm.oti.configuration"/>
    <property value="1.6" name="java.specification.version"/>
    <property value="20130823_162690" name="com.ibm.oti.jcl.build"/>
    <property value="/C:/IBM/RationalShared/plugins/org.eclipse.m2e.maven.runtime_1.4.0.20130531-2315/jars/plexus-classworlds-2.4.jar" name="maven.bootclasspath"/>
  </properties>
  <testcase classname="com.deepak.test.ControllerTest" name="get_allUsers" time="0.316">
    <error message="Failed to load ApplicationContext" type="java.lang.IllegalStateException">java.lang.IllegalStateException: Failed to load ApplicationContext
	at org.springframework.test.context.CacheAwareContextLoaderDelegate.loadContext(CacheAwareContextLoaderDelegate.java:99)
	at org.springframework.test.context.TestContext.getApplicationContext(TestContext.java:122)
	at org.springframework.test.context.web.ServletTestExecutionListener.setUpRequestContextIfNecessary(ServletTestExecutionListener.java:105)
	at org.springframework.test.context.web.ServletTestExecutionListener.prepareTestInstance(ServletTestExecutionListener.java:74)
	at org.springframework.test.context.TestContextManager.prepareTestInstance(TestContextManager.java:312)
	at org.springframework.test.context.junit4.SpringJUnit4ClassRunner.createTest(SpringJUnit4ClassRunner.java:211)
	at org.springframework.test.context.junit4.SpringJUnit4ClassRunner$1.runReflectiveCall(SpringJUnit4ClassRunner.java:288)
	at org.junit.internal.runners.model.ReflectiveCallable.run(ReflectiveCallable.java:12)
	at org.springframework.test.context.junit4.SpringJUnit4ClassRunner.methodBlock(SpringJUnit4ClassRunner.java:284)
	at org.springframework.test.context.junit4.SpringJUnit4ClassRunner.runChild(SpringJUnit4ClassRunner.java:231)
	at org.springframework.test.context.junit4.SpringJUnit4ClassRunner.runChild(SpringJUnit4ClassRunner.java:88)
	at org.junit.runners.ParentRunner$3.run(ParentRunner.java:238)
	at org.junit.runners.ParentRunner$1.schedule(ParentRunner.java:63)
	at org.junit.runners.ParentRunner.runChildren(ParentRunner.java:236)
	at org.junit.runners.ParentRunner.access$000(ParentRunner.java:53)
	at org.junit.runners.ParentRunner$2.evaluate(ParentRunner.java:229)
	at org.springframework.test.context.junit4.statements.RunBeforeTestClassCallbacks.evaluate(RunBeforeTestClassCallbacks.java:61)
	at org.springframework.test.context.junit4.statements.RunAfterTestClassCallbacks.evaluate(RunAfterTestClassCallbacks.java:71)
	at org.junit.runners.ParentRunner.run(ParentRunner.java:309)
	at org.springframework.test.context.junit4.SpringJUnit4ClassRunner.run(SpringJUnit4ClassRunner.java:174)
	at org.apache.maven.surefire.junit4.JUnit4TestSet.execute(JUnit4TestSet.java:53)
	at org.apache.maven.surefire.junit4.JUnit4Provider.executeTestSet(JUnit4Provider.java:123)
	at org.apache.maven.surefire.junit4.JUnit4Provider.invoke(JUnit4Provider.java:104)
	at sun.reflect.NativeMethodAccessorImpl.invoke0(Native Method)
	at sun.reflect.NativeMethodAccessorImpl.invoke(NativeMethodAccessorImpl.java:60)
	at sun.reflect.DelegatingMethodAccessorImpl.invoke(DelegatingMethodAccessorImpl.java:37)
	at java.lang.reflect.Method.invoke(Method.java:611)
	at org.apache.maven.surefire.util.ReflectionUtils.invokeMethodWithArray(ReflectionUtils.java:164)
	at org.apache.maven.surefire.booter.ProviderFactory$ProviderProxy.invoke(ProviderFactory.java:110)
	at org.apache.maven.surefire.booter.SurefireStarter.invokeProvider(SurefireStarter.java:175)
	at org.apache.maven.surefire.booter.SurefireStarter.runSuitesInProcessWhenForked(SurefireStarter.java:107)
	at org.apache.maven.surefire.booter.ForkedBooter.main(ForkedBooter.java:68)
Caused by: org.springframework.beans.factory.UnsatisfiedDependencyException: Error creating bean with name &apos;todoService&apos; defined in class path resource [testContext.xml]: Unsatisfied dependency expressed through constructor argument with index 0 of type [java.lang.Class]: Could not convert factory method argument value of type [java.lang.String] to required type [java.lang.Class]: Failed to convert value of type &apos;java.lang.String&apos; to required type &apos;java.lang.Class&apos;; nested exception is java.lang.IllegalArgumentException: Cannot find class [/SocieteSampleWebApp/src/test/java/com/deepak/test/ITodoTest.java]
Related cause: org.springframework.beans.factory.UnsatisfiedDependencyException: Error creating bean with name &apos;todoService&apos; defined in class path resource [testContext.xml]: Unsatisfied dependency expressed through constructor argument with index 0 of type [java.lang.Class]: Could not convert factory method argument value of type [java.lang.String] to required type [java.lang.Class]: Failed to convert value of type &apos;java.lang.String&apos; to required type &apos;java.lang.Class&apos;; nested exception is java.lang.IllegalArgumentException: Cannot find class [/SocieteSampleWebApp/src/test/java/com/deepak/test/ITodoTest.java]
	at org.springframework.beans.factory.support.ConstructorResolver.createArgumentArray(ConstructorResolver.java:702)
	at org.springframework.beans.factory.support.ConstructorResolver.instantiateUsingFactoryMethod(ConstructorResolver.java:461)
	at org.springframework.beans.factory.support.AbstractAutowireCapableBeanFactory.instantiateUsingFactoryMethod(AbstractAutowireCapableBeanFactory.java:1025)
	at org.springframework.beans.factory.support.AbstractAutowireCapableBeanFactory.createBeanInstance(AbstractAutowireCapableBeanFactory.java:921)
	at org.springframework.beans.factory.support.AbstractAutowireCapableBeanFactory.doCreateBean(AbstractAutowireCapableBeanFactory.java:487)
	at org.springframework.beans.factory.support.AbstractAutowireCapableBeanFactory.createBean(AbstractAutowireCapableBeanFactory.java:458)
	at org.springframework.beans.factory.support.AbstractBeanFactory$1.getObject(AbstractBeanFactory.java:295)
	at org.springframework.beans.factory.support.DefaultSingletonBeanRegistry.getSingleton(DefaultSingletonBeanRegistry.java:223)
	at org.springframework.beans.factory.support.AbstractBeanFactory.doGetBean(AbstractBeanFactory.java:292)
	at org.springframework.beans.factory.support.AbstractBeanFactory.getBean(AbstractBeanFactory.java:194)
	at org.springframework.beans.factory.support.DefaultListableBeanFactory.preInstantiateSingletons(DefaultListableBeanFactory.java:626)
	at org.springframework.context.support.AbstractApplicationContext.finishBeanFactoryInitialization(AbstractApplicationContext.java:932)
	at org.springframework.context.support.AbstractApplicationContext.refresh(AbstractApplicationContext.java:479)
	at org.springframework.test.context.web.AbstractGenericWebContextLoader.loadContext(AbstractGenericWebContextLoader.java:128)
	at org.springframework.test.context.web.AbstractGenericWebContextLoader.loadContext(AbstractGenericWebContextLoader.java:60)
	at org.springframework.test.context.support.AbstractDelegatingSmartContextLoader.delegateLoading(AbstractDelegatingSmartContextLoader.java:100)
	at org.springframework.test.context.support.AbstractDelegatingSmartContextLoader.loadContext(AbstractDelegatingSmartContextLoader.java:248)
	at org.springframework.test.context.CacheAwareContextLoaderDelegate.loadContextInternal(CacheAwareContextLoaderDelegate.java:64)
	at org.springframework.test.context.CacheAwareContextLoaderDelegate.loadContext(CacheAwareContextLoaderDelegate.java:91)
	... 31 more
</error>
    <system-out>DEBUG - SpringJUnit4ClassRunner    - SpringJUnit4ClassRunner constructor called with [class com.deepak.test.ControllerTest].
DEBUG - legatingSmartContextLoader - Delegating to GenericXmlWebContextLoader to process context configuration [ContextConfigurationAttributes@f1958bd2 declaringClass = &apos;com.deepak.test.ControllerTest&apos;, locations = &apos;{classpath:testContext.xml}&apos;, classes = &apos;{}&apos;, inheritLocations = true, initializers = &apos;{}&apos;, inheritInitializers = true, name = [null], contextLoaderClass = &apos;org.springframework.test.context.ContextLoader&apos;].
DEBUG - ContextLoaderUtils         - Could not find an &apos;annotation declaring class&apos; for annotation type [org.springframework.test.context.ActiveProfiles] and class [com.deepak.test.ControllerTest]
DEBUG - TestContextManager         - @TestExecutionListeners is not present for class [class com.deepak.test.ControllerTest]: using defaults.
DEBUG - TestContextManager         - Could not instantiate default TestExecutionListener class [org.springframework.test.context.transaction.TransactionalTestExecutionListener]. Specify custom listener classes or make the default listener classes available.
DEBUG - ProfileValueUtils          - Retrieved @ProfileValueSourceConfiguration [null] for test class [com.deepak.test.ControllerTest]
DEBUG - ProfileValueUtils          - Retrieved ProfileValueSource type [class org.springframework.test.annotation.SystemProfileValueSource] for class [com.deepak.test.ControllerTest]
DEBUG - ProfileValueUtils          - Retrieved @ProfileValueSourceConfiguration [null] for test class [com.deepak.test.ControllerTest]
DEBUG - ProfileValueUtils          - Retrieved ProfileValueSource type [class org.springframework.test.annotation.SystemProfileValueSource] for class [com.deepak.test.ControllerTest]
DEBUG - ProfileValueUtils          - Retrieved @ProfileValueSourceConfiguration [null] for test class [com.deepak.test.ControllerTest]
DEBUG - ProfileValueUtils          - Retrieved ProfileValueSource type [class org.springframework.test.annotation.SystemProfileValueSource] for class [com.deepak.test.ControllerTest]
DEBUG - legatingSmartContextLoader - Delegating to GenericXmlWebContextLoader to load context from [WebMergedContextConfiguration@35fb2f6f testClass = ControllerTest, locations = &apos;{classpath:testContext.xml}&apos;, classes = &apos;{}&apos;, contextInitializerClasses = &apos;[]&apos;, activeProfiles = &apos;{}&apos;, resourceBasePath = &apos;src/main/webapp&apos;, contextLoader = &apos;org.springframework.test.context.web.WebDelegatingSmartContextLoader&apos;, parent = [null]].
DEBUG - actGenericWebContextLoader - Loading WebApplicationContext for merged context configuration [WebMergedContextConfiguration@35fb2f6f testClass = ControllerTest, locations = &apos;{classpath:testContext.xml}&apos;, classes = &apos;{}&apos;, contextInitializerClasses = &apos;[]&apos;, activeProfiles = &apos;{}&apos;, resourceBasePath = &apos;src/main/webapp&apos;, contextLoader = &apos;org.springframework.test.context.web.WebDelegatingSmartContextLoader&apos;, parent = [null]].
DEBUG - StandardServletEnvironment - Initializing new StandardServletEnvironment
DEBUG - StandardServletEnvironment - Adding [servletConfigInitParams] PropertySource with lowest search precedence
DEBUG - StandardServletEnvironment - Adding [servletContextInitParams] PropertySource with lowest search precedence
DEBUG - StandardServletEnvironment - Adding [jndiProperties] PropertySource with lowest search precedence
DEBUG - StandardServletEnvironment - Adding [systemProperties] PropertySource with lowest search precedence
DEBUG - StandardServletEnvironment - Adding [systemEnvironment] PropertySource with lowest search precedence
DEBUG - StandardServletEnvironment - Initialized StandardServletEnvironment with PropertySources [servletConfigInitParams,servletContextInitParams,jndiProperties,systemProperties,systemEnvironment]
INFO  - XmlBeanDefinitionReader    - Loading XML bean definitions from class path resource [testContext.xml]
DEBUG - DefaultDocumentLoader      - Using JAXP provider [org.apache.xerces.jaxp.DocumentBuilderFactoryImpl]
DEBUG - PluggableSchemaResolver    - Loading schema mappings from [META-INF/spring.schemas]
DEBUG - PluggableSchemaResolver    - Loaded schema mappings: {http://www.springframework.org/schema/util/spring-util.xsd=org/springframework/beans/factory/xml/spring-util-3.2.xsd, http://www.springframework.org/schema/jee/spring-jee-3.2.xsd=org/springframework/ejb/config/spring-jee-3.2.xsd, http://www.springframework.org/schema/mvc/spring-mvc-3.1.xsd=org/springframework/web/servlet/config/spring-mvc-3.1.xsd, http://www.springframework.org/schema/task/spring-task.xsd=org/springframework/scheduling/config/spring-task-3.2.xsd, http://www.springframework.org/schema/beans/spring-beans-3.1.xsd=org/springframework/beans/factory/xml/spring-beans-3.1.xsd, http://www.springframework.org/schema/cache/spring-cache.xsd=org/springframework/cache/config/spring-cache-3.2.xsd, http://www.springframework.org/schema/aop/spring-aop-3.0.xsd=org/springframework/aop/config/spring-aop-3.0.xsd, http://www.springframework.org/schema/task/spring-task-3.1.xsd=org/springframework/scheduling/config/spring-task-3.1.xsd, http://www.springframework.org/schema/aop/spring-aop-2.0.xsd=org/springframework/aop/config/spring-aop-2.0.xsd, http://www.springframework.org/schema/tool/spring-tool-2.5.xsd=org/springframework/beans/factory/xml/spring-tool-2.5.xsd, http://www.springframework.org/schema/beans/spring-beans.xsd=org/springframework/beans/factory/xml/spring-beans-3.2.xsd, http://www.springframework.org/schema/jee/spring-jee-2.5.xsd=org/springframework/ejb/config/spring-jee-2.5.xsd, http://www.springframework.org/schema/tool/spring-tool-3.1.xsd=org/springframework/beans/factory/xml/spring-tool-3.1.xsd, http://www.springframework.org/schema/jee/spring-jee-3.1.xsd=org/springframework/ejb/config/spring-jee-3.1.xsd, http://www.springframework.org/schema/aop/spring-aop.xsd=org/springframework/aop/config/spring-aop-3.2.xsd, http://www.springframework.org/schema/context/spring-context-3.2.xsd=org/springframework/context/config/spring-context-3.2.xsd, http://www.springframework.org/schema/beans/spring-beans-2.0.xsd=org/springframework/beans/factory/xml/spring-beans-2.0.xsd, http://www.springframework.org/schema/util/spring-util-3.2.xsd=org/springframework/beans/factory/xml/spring-util-3.2.xsd, http://www.springframework.org/schema/mvc/spring-mvc-3.0.xsd=org/springframework/web/servlet/config/spring-mvc-3.0.xsd, http://www.springframework.org/schema/lang/spring-lang-3.2.xsd=org/springframework/scripting/config/spring-lang-3.2.xsd, http://www.springframework.org/schema/beans/spring-beans-3.0.xsd=org/springframework/beans/factory/xml/spring-beans-3.0.xsd, http://www.springframework.org/schema/cache/spring-cache-3.2.xsd=org/springframework/cache/config/spring-cache-3.2.xsd, http://www.springframework.org/schema/task/spring-task-3.0.xsd=org/springframework/scheduling/config/spring-task-3.0.xsd, http://www.springframework.org/schema/context/spring-context-2.5.xsd=org/springframework/context/config/spring-context-2.5.xsd, http://www.springframework.org/schema/tool/spring-tool-3.0.xsd=org/springframework/beans/factory/xml/spring-tool-3.0.xsd, http://www.springframework.org/schema/lang/spring-lang.xsd=org/springframework/scripting/config/spring-lang-3.2.xsd, http://www.springframework.org/schema/tool/spring-tool-2.0.xsd=org/springframework/beans/factory/xml/spring-tool-2.0.xsd, http://www.springframework.org/schema/util/spring-util-2.5.xsd=org/springframework/beans/factory/xml/spring-util-2.5.xsd, http://www.springframework.org/schema/lang/spring-lang-2.5.xsd=org/springframework/scripting/config/spring-lang-2.5.xsd, http://www.springframework.org/schema/aop/spring-aop-3.2.xsd=org/springframework/aop/config/spring-aop-3.2.xsd, http://www.springframework.org/schema/jee/spring-jee-3.0.xsd=org/springframework/ejb/config/spring-jee-3.0.xsd, http://www.springframework.org/schema/jee/spring-jee-2.0.xsd=org/springframework/ejb/config/spring-jee-2.0.xsd, http://www.springframework.org/schema/context/spring-context-3.1.xsd=org/springframework/context/config/spring-context-3.1.xsd, http://www.springframework.org/schema/util/spring-util-3.1.xsd=org/springframework/beans/factory/xml/spring-util-3.1.xsd, http://www.springframework.org/schema/lang/spring-lang-3.1.xsd=org/springframework/scripting/config/spring-lang-3.1.xsd, http://www.springframework.org/schema/cache/spring-cache-3.1.xsd=org/springframework/cache/config/spring-cache-3.1.xsd, http://www.springframework.org/schema/context/spring-context.xsd=org/springframework/context/config/spring-context-3.2.xsd, http://www.springframework.org/schema/jee/spring-jee.xsd=org/springframework/ejb/config/spring-jee-3.2.xsd, http://www.springframework.org/schema/aop/spring-aop-2.5.xsd=org/springframework/aop/config/spring-aop-2.5.xsd, http://www.springframework.org/schema/mvc/spring-mvc.xsd=org/springframework/web/servlet/config/spring-mvc-3.2.xsd, http://www.springframework.org/schema/mvc/spring-mvc-3.2.xsd=org/springframework/web/servlet/config/spring-mvc-3.2.xsd, http://www.springframework.org/schema/beans/spring-beans-3.2.xsd=org/springframework/beans/factory/xml/spring-beans-3.2.xsd, http://www.springframework.org/schema/aop/spring-aop-3.1.xsd=org/springframework/aop/config/spring-aop-3.1.xsd, http://www.springframework.org/schema/task/spring-task-3.2.xsd=org/springframework/scheduling/config/spring-task-3.2.xsd, http://www.springframework.org/schema/context/spring-context-3.0.xsd=org/springframework/context/config/spring-context-3.0.xsd, http://www.springframework.org/schema/tool/spring-tool.xsd=org/springframework/beans/factory/xml/spring-tool-3.2.xsd, http://www.springframework.org/schema/util/spring-util-3.0.xsd=org/springframework/beans/factory/xml/spring-util-3.0.xsd, http://www.springframework.org/schema/lang/spring-lang-3.0.xsd=org/springframework/scripting/config/spring-lang-3.0.xsd, http://www.springframework.org/schema/util/spring-util-2.0.xsd=org/springframework/beans/factory/xml/spring-util-2.0.xsd, http://www.springframework.org/schema/lang/spring-lang-2.0.xsd=org/springframework/scripting/config/spring-lang-2.0.xsd, http://www.springframework.org/schema/tool/spring-tool-3.2.xsd=org/springframework/beans/factory/xml/spring-tool-3.2.xsd, http://www.springframework.org/schema/beans/spring-beans-2.5.xsd=org/springframework/beans/factory/xml/spring-beans-2.5.xsd}
DEBUG - PluggableSchemaResolver    - Found XML schema [http://www.springframework.org/schema/beans/spring-beans.xsd] in classpath: org/springframework/beans/factory/xml/spring-beans-3.2.xsd
DEBUG - anDefinitionDocumentReader - Loading bean definitions
DEBUG - XmlBeanDefinitionReader    - Loaded 1 bean definitions from location pattern [classpath:testContext.xml]
INFO  - nericWebApplicationContext - Refreshing org.springframework.web.context.support.GenericWebApplicationContext@c84b11ef: startup date [Mon Nov 30 13:28:45 IST 2015]; root of context hierarchy
DEBUG - StandardServletEnvironment - Replacing [servletContextInitParams] PropertySource with [servletContextInitParams]
DEBUG - nericWebApplicationContext - Bean factory for org.springframework.web.context.support.GenericWebApplicationContext@c84b11ef: org.springframework.beans.factory.support.DefaultListableBeanFactory@f18ec08c: defining beans [todoService,org.springframework.context.annotation.internalConfigurationAnnotationProcessor,org.springframework.context.annotation.internalAutowiredAnnotationProcessor,org.springframework.context.annotation.internalRequiredAnnotationProcessor,org.springframework.context.annotation.internalCommonAnnotationProcessor]; root of factory hierarchy
DEBUG - DefaultListableBeanFactory - Creating shared instance of singleton bean &apos;org.springframework.context.annotation.internalConfigurationAnnotationProcessor&apos;
DEBUG - DefaultListableBeanFactory - Creating instance of bean &apos;org.springframework.context.annotation.internalConfigurationAnnotationProcessor&apos;
DEBUG - DefaultListableBeanFactory - Eagerly caching bean &apos;org.springframework.context.annotation.internalConfigurationAnnotationProcessor&apos; to allow for resolving potential circular references
DEBUG - DefaultListableBeanFactory - Finished creating instance of bean &apos;org.springframework.context.annotation.internalConfigurationAnnotationProcessor&apos;
DEBUG - DefaultListableBeanFactory - Creating shared instance of singleton bean &apos;org.springframework.context.annotation.internalAutowiredAnnotationProcessor&apos;
DEBUG - DefaultListableBeanFactory - Creating instance of bean &apos;org.springframework.context.annotation.internalAutowiredAnnotationProcessor&apos;
DEBUG - DefaultListableBeanFactory - Eagerly caching bean &apos;org.springframework.context.annotation.internalAutowiredAnnotationProcessor&apos; to allow for resolving potential circular references
DEBUG - DefaultListableBeanFactory - Finished creating instance of bean &apos;org.springframework.context.annotation.internalAutowiredAnnotationProcessor&apos;
DEBUG - DefaultListableBeanFactory - Creating shared instance of singleton bean &apos;org.springframework.context.annotation.internalRequiredAnnotationProcessor&apos;
DEBUG - DefaultListableBeanFactory - Creating instance of bean &apos;org.springframework.context.annotation.internalRequiredAnnotationProcessor&apos;
DEBUG - DefaultListableBeanFactory - Eagerly caching bean &apos;org.springframework.context.annotation.internalRequiredAnnotationProcessor&apos; to allow for resolving potential circular references
DEBUG - DefaultListableBeanFactory - Finished creating instance of bean &apos;org.springframework.context.annotation.internalRequiredAnnotationProcessor&apos;
DEBUG - DefaultListableBeanFactory - Creating shared instance of singleton bean &apos;org.springframework.context.annotation.internalCommonAnnotationProcessor&apos;
DEBUG - DefaultListableBeanFactory - Creating instance of bean &apos;org.springframework.context.annotation.internalCommonAnnotationProcessor&apos;
DEBUG - DefaultListableBeanFactory - Eagerly caching bean &apos;org.springframework.context.annotation.internalCommonAnnotationProcessor&apos; to allow for resolving potential circular references
DEBUG - DefaultListableBeanFactory - Finished creating instance of bean &apos;org.springframework.context.annotation.internalCommonAnnotationProcessor&apos;
DEBUG - DefaultListableBeanFactory - Creating shared instance of singleton bean &apos;org.springframework.context.annotation.ConfigurationClassPostProcessor.importAwareProcessor&apos;
DEBUG - DefaultListableBeanFactory - Creating instance of bean &apos;org.springframework.context.annotation.ConfigurationClassPostProcessor.importAwareProcessor&apos;
DEBUG - DefaultListableBeanFactory - Eagerly caching bean &apos;org.springframework.context.annotation.ConfigurationClassPostProcessor.importAwareProcessor&apos; to allow for resolving potential circular references
DEBUG - DefaultListableBeanFactory - Finished creating instance of bean &apos;org.springframework.context.annotation.ConfigurationClassPostProcessor.importAwareProcessor&apos;
DEBUG - nericWebApplicationContext - Unable to locate MessageSource with name &apos;messageSource&apos;: using default [org.springframework.context.support.DelegatingMessageSource@b6d62be4]
DEBUG - nericWebApplicationContext - Unable to locate ApplicationEventMulticaster with name &apos;applicationEventMulticaster&apos;: using default [org.springframework.context.event.SimpleApplicationEventMulticaster@34e61ce2]
DEBUG - UiApplicationContextUtils  - Unable to locate ThemeSource with name &apos;themeSource&apos;: using default [org.springframework.ui.context.support.ResourceBundleThemeSource@a2acd909]
INFO  - DefaultListableBeanFactory - Pre-instantiating singletons in org.springframework.beans.factory.support.DefaultListableBeanFactory@f18ec08c: defining beans [todoService,org.springframework.context.annotation.internalConfigurationAnnotationProcessor,org.springframework.context.annotation.internalAutowiredAnnotationProcessor,org.springframework.context.annotation.internalRequiredAnnotationProcessor,org.springframework.context.annotation.internalCommonAnnotationProcessor,org.springframework.context.annotation.ConfigurationClassPostProcessor.importAwareProcessor]; root of factory hierarchy
DEBUG - DefaultListableBeanFactory - Creating shared instance of singleton bean &apos;todoService&apos;
DEBUG - DefaultListableBeanFactory - Creating instance of bean &apos;todoService&apos;
INFO  - DefaultListableBeanFactory - Destroying singletons in org.springframework.beans.factory.support.DefaultListableBeanFactory@f18ec08c: defining beans [todoService,org.springframework.context.annotation.internalConfigurationAnnotationProcessor,org.springframework.context.annotation.internalAutowiredAnnotationProcessor,org.springframework.context.annotation.internalRequiredAnnotationProcessor,org.springframework.context.annotation.internalCommonAnnotationProcessor,org.springframework.context.annotation.ConfigurationClassPostProcessor.importAwareProcessor]; root of factory hierarchy
ERROR - TestContextManager         - Caught exception while allowing TestExecutionListener [org.springframework.test.context.web.ServletTestExecutionListener@15ce8ad9] to prepare test instance [com.deepak.test.ControllerTest@309fe42b]
java.lang.IllegalStateException: Failed to load ApplicationContext
	at org.springframework.test.context.CacheAwareContextLoaderDelegate.loadContext(CacheAwareContextLoaderDelegate.java:99)
	at org.springframework.test.context.TestContext.getApplicationContext(TestContext.java:122)
	at org.springframework.test.context.web.ServletTestExecutionListener.setUpRequestContextIfNecessary(ServletTestExecutionListener.java:105)
	at org.springframework.test.context.web.ServletTestExecutionListener.prepareTestInstance(ServletTestExecutionListener.java:74)
	at org.springframework.test.context.TestContextManager.prepareTestInstance(TestContextManager.java:312)
	at org.springframework.test.context.junit4.SpringJUnit4ClassRunner.createTest(SpringJUnit4ClassRunner.java:211)
	at org.springframework.test.context.junit4.SpringJUnit4ClassRunner$1.runReflectiveCall(SpringJUnit4ClassRunner.java:288)
	at org.junit.internal.runners.model.ReflectiveCallable.run(ReflectiveCallable.java:12)
	at org.springframework.test.context.junit4.SpringJUnit4ClassRunner.methodBlock(SpringJUnit4ClassRunner.java:284)
	at org.springframework.test.context.junit4.SpringJUnit4ClassRunner.runChild(SpringJUnit4ClassRunner.java:231)
	at org.springframework.test.context.junit4.SpringJUnit4ClassRunner.runChild(SpringJUnit4ClassRunner.java:88)
	at org.junit.runners.ParentRunner$3.run(ParentRunner.java:238)
	at org.junit.runners.ParentRunner$1.schedule(ParentRunner.java:63)
	at org.junit.runners.ParentRunner.runChildren(ParentRunner.java:236)
	at org.junit.runners.ParentRunner.access$000(ParentRunner.java:53)
	at org.junit.runners.ParentRunner$2.evaluate(ParentRunner.java:229)
	at org.springframework.test.context.junit4.statements.RunBeforeTestClassCallbacks.evaluate(RunBeforeTestClassCallbacks.java:61)
	at org.springframework.test.context.junit4.statements.RunAfterTestClassCallbacks.evaluate(RunAfterTestClassCallbacks.java:71)
	at org.junit.runners.ParentRunner.run(ParentRunner.java:309)
	at org.springframework.test.context.junit4.SpringJUnit4ClassRunner.run(SpringJUnit4ClassRunner.java:174)
	at org.apache.maven.surefire.junit4.JUnit4TestSet.execute(JUnit4TestSet.java:53)
	at org.apache.maven.surefire.junit4.JUnit4Provider.executeTestSet(JUnit4Provider.java:123)
	at org.apache.maven.surefire.junit4.JUnit4Provider.invoke(JUnit4Provider.java:104)
	at sun.reflect.NativeMethodAccessorImpl.invoke0(Native Method)
	at sun.reflect.NativeMethodAccessorImpl.invoke(NativeMethodAccessorImpl.java:60)
	at sun.reflect.DelegatingMethodAccessorImpl.invoke(DelegatingMethodAccessorImpl.java:37)
	at java.lang.reflect.Method.invoke(Method.java:611)
	at org.apache.maven.surefire.util.ReflectionUtils.invokeMethodWithArray(ReflectionUtils.java:164)
	at org.apache.maven.surefire.booter.ProviderFactory$ProviderProxy.invoke(ProviderFactory.java:110)
	at org.apache.maven.surefire.booter.SurefireStarter.invokeProvider(SurefireStarter.java:175)
	at org.apache.maven.surefire.booter.SurefireStarter.runSuitesInProcessWhenForked(SurefireStarter.java:107)
	at org.apache.maven.surefire.booter.ForkedBooter.main(ForkedBooter.java:68)
Caused by: org.springframework.beans.factory.UnsatisfiedDependencyException: Error creating bean with name &apos;todoService&apos; defined in class path resource [testContext.xml]: Unsatisfied dependency expressed through constructor argument with index 0 of type [java.lang.Class]: Could not convert factory method argument value of type [java.lang.String] to required type [java.lang.Class]: Failed to convert value of type &apos;java.lang.String&apos; to required type &apos;java.lang.Class&apos;; nested exception is java.lang.IllegalArgumentException: Cannot find class [/SocieteSampleWebApp/src/test/java/com/deepak/test/ITodoTest.java]
Related cause: org.springframework.beans.factory.UnsatisfiedDependencyException: Error creating bean with name &apos;todoService&apos; defined in class path resource [testContext.xml]: Unsatisfied dependency expressed through constructor argument with index 0 of type [java.lang.Class]: Could not convert factory method argument value of type [java.lang.String] to required type [java.lang.Class]: Failed to convert value of type &apos;java.lang.String&apos; to required type &apos;java.lang.Class&apos;; nested exception is java.lang.IllegalArgumentException: Cannot find class [/SocieteSampleWebApp/src/test/java/com/deepak/test/ITodoTest.java]
	at org.springframework.beans.factory.support.ConstructorResolver.createArgumentArray(ConstructorResolver.java:702)
	at org.springframework.beans.factory.support.ConstructorResolver.instantiateUsingFactoryMethod(ConstructorResolver.java:461)
	at org.springframework.beans.factory.support.AbstractAutowireCapableBeanFactory.instantiateUsingFactoryMethod(AbstractAutowireCapableBeanFactory.java:1025)
	at org.springframework.beans.factory.support.AbstractAutowireCapableBeanFactory.createBeanInstance(AbstractAutowireCapableBeanFactory.java:921)
	at org.springframework.beans.factory.support.AbstractAutowireCapableBeanFactory.doCreateBean(AbstractAutowireCapableBeanFactory.java:487)
	at org.springframework.beans.factory.support.AbstractAutowireCapableBeanFactory.createBean(AbstractAutowireCapableBeanFactory.java:458)
	at org.springframework.beans.factory.support.AbstractBeanFactory$1.getObject(AbstractBeanFactory.java:295)
	at org.springframework.beans.factory.support.DefaultSingletonBeanRegistry.getSingleton(DefaultSingletonBeanRegistry.java:223)
	at org.springframework.beans.factory.support.AbstractBeanFactory.doGetBean(AbstractBeanFactory.java:292)
	at org.springframework.beans.factory.support.AbstractBeanFactory.getBean(AbstractBeanFactory.java:194)
	at org.springframework.beans.factory.support.DefaultListableBeanFactory.preInstantiateSingletons(DefaultListableBeanFactory.java:626)
	at org.springframework.context.support.AbstractApplicationContext.finishBeanFactoryInitialization(AbstractApplicationContext.java:932)
	at org.springframework.context.support.AbstractApplicationContext.refresh(AbstractApplicationContext.java:479)
	at org.springframework.test.context.web.AbstractGenericWebContextLoader.loadContext(AbstractGenericWebContextLoader.java:128)
	at org.springframework.test.context.web.AbstractGenericWebContextLoader.loadContext(AbstractGenericWebContextLoader.java:60)
	at org.springframework.test.context.support.AbstractDelegatingSmartContextLoader.delegateLoading(AbstractDelegatingSmartContextLoader.java:100)
	at org.springframework.test.context.support.AbstractDelegatingSmartContextLoader.loadContext(AbstractDelegatingSmartContextLoader.java:248)
	at org.springframework.test.context.CacheAwareContextLoaderDelegate.loadContextInternal(CacheAwareContextLoaderDelegate.java:64)
	at org.springframework.test.context.CacheAwareContextLoaderDelegate.loadContext(CacheAwareContextLoaderDelegate.java:91)
	... 31 more
</system-out>
  </testcase>
</testsuite>